{"uid":"756094556b9e80be","name":"test_TC_SUR_05_special_characters_input","fullName":"test_cases.test_survey_form.TestContactForm#test_TC_SUR_05_special_characters_input","historyId":"a3c16e8209231bd2dcfe528d4ac724b1","time":{"start":1748758136928,"stop":1748758138116,"duration":1188},"status":"failed","statusMessage":"AssertionError: Form incorrectly accepted \nassert 'Survey Resp...successfully' not in 'Survey Resp...ur feedback.'\n  \n  'Survey Response: S...mitted successfully' is contained here:\n    Survey Response: Survey submitted successfully, Thank you for your feedback.","statusTrace":"self = <test_cases.test_survey_form.TestContactForm object at 0x104f66cc0>\n\n    def test_TC_SUR_05_special_characters_input(self):\n        self.driver.refresh()\n        page = SurveyPage(self.driver, self.wait)\n        special_text = \"@#$%^&*()_+~`\"\n        page.click_name_field(special_text)\n        page.click_email_field(\"invalid@input.com\")\n        page.click_feedback_field(special_text)\n        page.click_submit_button()\n    \n        try:\n            alert = WebDriverWait(self.driver, 5).until(EC.alert_is_present())\n            alert_text = alert.text\n            alert.accept()\n>           assert \"Survey Response: Survey submitted successfully\" not in alert_text, \"Form incorrectly accepted \"\nE           AssertionError: Form incorrectly accepted \nE           assert 'Survey Resp...successfully' not in 'Survey Resp...ur feedback.'\nE             \nE             'Survey Response: S...mitted successfully' is contained here:\nE               Survey Response: Survey submitted successfully, Thank you for your feedback.\n\ntest_cases/test_survey_form.py:84: AssertionError","flaky":false,"newFailed":false,"newBroken":false,"newPassed":false,"retriesCount":0,"retriesStatusChange":false,"beforeStages":[{"name":"setup_driver","time":{"start":1748758116899,"stop":1748758121469,"duration":4570},"status":"passed","steps":[],"attachments":[],"parameters":[],"stepsCount":0,"hasContent":false,"shouldDisplayMessage":false,"attachmentsCount":0,"attachmentStep":false}],"afterStages":[{"name":"setup_driver::0","time":{"start":1748758151920,"stop":1748758157003,"duration":5083},"status":"passed","steps":[],"attachments":[],"parameters":[],"stepsCount":0,"hasContent":false,"shouldDisplayMessage":false,"attachmentsCount":0,"attachmentStep":false}],"labels":[{"name":"tag","value":"@pytest.mark.usefixtures('setup_driver')"},{"name":"parentSuite","value":"test_cases"},{"name":"suite","value":"test_survey_form"},{"name":"subSuite","value":"TestContactForm"},{"name":"host","value":"tinos-MBP14"},{"name":"thread","value":"73180-MainThread"},{"name":"framework","value":"pytest"},{"name":"language","value":"cpython3"},{"name":"package","value":"test_cases.test_survey_form"},{"name":"resultFormat","value":"allure2"}],"parameters":[],"links":[],"hidden":false,"retry":false,"extra":{"severity":"normal","retries":[],"categories":[{"name":"Product defects","matchedStatuses":[]}],"tags":["@pytest.mark.usefixtures('setup_driver')"]},"source":"756094556b9e80be.json","parameterValues":[]}