{"uid":"dea07d8322c0e3a1","name":"test_TC_SUR_04_max_character_input","fullName":"test_cases.test_survey_form.TestContactForm#test_TC_SUR_04_max_character_input","historyId":"9901218d2aad33d987d641eb21f8a571","time":{"start":1748758134328,"stop":1748758136884,"duration":2556},"status":"failed","statusMessage":"AssertionError: Form incorrectly accepted long input\nassert 'Survey Resp...successfully' not in 'Survey Resp...ur feedback.'\n  \n  'Survey Response: S...mitted successfully' is contained here:\n    Survey Response: Survey submitted successfully, Thank you for your feedback.","statusTrace":"self = <test_cases.test_survey_form.TestContactForm object at 0x104f66b10>\n\n    def test_TC_SUR_04_max_character_input(self):\n        self.driver.refresh()\n        page = SurveyPage(self.driver, self.wait)\n        long_text = \"a\" * 1000\n        page.click_name_field(long_text)\n        page.click_email_field(\"tino@example.com\")\n        page.click_feedback_field(long_text)\n        page.click_submit_button()\n    \n        try:\n            alert = WebDriverWait(self.driver, 5).until(EC.alert_is_present())\n            alert_text = alert.text\n            alert.accept()\n>           assert \"Survey Response: Survey submitted successfully\" not in alert_text, \"Form incorrectly accepted long input\"\nE           AssertionError: Form incorrectly accepted long input\nE           assert 'Survey Resp...successfully' not in 'Survey Resp...ur feedback.'\nE             \nE             'Survey Response: S...mitted successfully' is contained here:\nE               Survey Response: Survey submitted successfully, Thank you for your feedback.\n\ntest_cases/test_survey_form.py:66: AssertionError","flaky":false,"newFailed":false,"newBroken":false,"newPassed":false,"retriesCount":0,"retriesStatusChange":false,"beforeStages":[{"name":"setup_driver","time":{"start":1748758116899,"stop":1748758121469,"duration":4570},"status":"passed","steps":[],"attachments":[],"parameters":[],"stepsCount":0,"hasContent":false,"shouldDisplayMessage":false,"attachmentsCount":0,"attachmentStep":false}],"afterStages":[{"name":"setup_driver::0","time":{"start":1748758151920,"stop":1748758157003,"duration":5083},"status":"passed","steps":[],"attachments":[],"parameters":[],"stepsCount":0,"hasContent":false,"shouldDisplayMessage":false,"attachmentsCount":0,"attachmentStep":false}],"labels":[{"name":"tag","value":"@pytest.mark.usefixtures('setup_driver')"},{"name":"parentSuite","value":"test_cases"},{"name":"suite","value":"test_survey_form"},{"name":"subSuite","value":"TestContactForm"},{"name":"host","value":"tinos-MBP14"},{"name":"thread","value":"73180-MainThread"},{"name":"framework","value":"pytest"},{"name":"language","value":"cpython3"},{"name":"package","value":"test_cases.test_survey_form"},{"name":"resultFormat","value":"allure2"}],"parameters":[],"links":[],"hidden":false,"retry":false,"extra":{"severity":"normal","retries":[],"categories":[{"name":"Product defects","matchedStatuses":[]}],"tags":["@pytest.mark.usefixtures('setup_driver')"]},"source":"dea07d8322c0e3a1.json","parameterValues":[]}